[debug] > Exec(early(addDefaultCommands), None, None)
[debug] > Exec(addDefaultCommands, None, None)
[debug] > Exec(early(initialize), None, None)
[debug] > Exec(initialize, None, None)
[debug] > Exec(boot, None, None)
[debug] > Exec(writeSbtVersion, None, None)
[debug] > Exec(reload, None, None)
[debug] > Exec(sbtStashOnFailure, None, None)
[debug] > Exec(onFailure loadFailed, None, None)
[debug] > Exec(loadp, None, None)
[info] welcome to sbt 1.4.7 (Oracle Corporation Java 1.8.0_261)
[debug]       Load.loadUnit: plugins took 121.407275ms
[debug]       Load.loadUnit: defsScala took 0.306967ms
[debug] [Loading] Scanning directory /Users/majiajie/.sbt/1.0/plugins
[debug] [Loading] Found non-root projects 
[debug] [Loading] Done in /Users/majiajie/.sbt/1.0/plugins, returning: ()
[debug] deducing auto plugins based on known facts Set(Atom(sbt.plugins.CorePlugin)) and clauses Clauses(List(Clause(Atom(sbt.plugins.JvmPlugin),Set(Atom(sbt.plugins.IvyPlugin))), Clause(Atom(sbt.ScriptedPlugin),Set(Atom(sbt.plugins.JvmPlugin))), Clause(Atom(sbt.plugins.SbtPlugin),Set(Atom(sbt.ScriptedPlugin))), Clause(Atom(sbt.plugins.SemanticdbPlugin),Set(Atom(sbt.plugins.JvmPlugin))), Clause(Atom(sbt.plugins.JUnitXmlReportPlugin),Set(Atom(sbt.plugins.JvmPlugin))), Clause(Atom(sbt.plugins.MiniDependencyTreePlugin),Set(Atom(sbt.plugins.JvmPlugin))), Clause(Atom(sbt.plugins.CorePlugin),Set(Atom(sbt.plugins.IvyPlugin))), Clause(Atom(sbt.plugins.IvyPlugin),Set(Atom(sbt.plugins.JvmPlugin))), Clause(Atom(sbt.plugins.JvmPlugin),Set(Atom(sbt.plugins.SemanticdbPlugin))), Clause(Atom(sbt.plugins.JvmPlugin),Set(Atom(sbt.plugins.JUnitXmlReportPlugin))), Clause(Atom(sbt.plugins.CorePlugin),Set(Atom(sbt.plugins.Giter8TemplatePlugin))), Clause(Atom(sbt.plugins.JvmPlugin),Set(Atom(sbt.plugins.MiniDependencyTreePlugin)))))
[debug]   :: deduced result: Matched(sbt.plugins.CorePlugin,sbt.plugins.Giter8TemplatePlugin,sbt.plugins.IvyPlugin,sbt.plugins.JvmPlugin,sbt.plugins.MiniDependencyTreePlugin,sbt.plugins.JUnitXmlReportPlugin,sbt.plugins.SemanticdbPlugin)
[debug] Plugins.deducer#function took 23.813737 ms
[debug]           Load.resolveProject(global-plugins) took 61.483372ms
[debug]         Load.loadTransitive: finalizeProject(Project(id global-plugins, base: /Users/majiajie/.sbt/1.0/plugins, plugins: List(<none>))) took 118.392277ms
[debug] [Loading] Done in /Users/majiajie/.sbt/1.0/plugins, returning: (global-plugins)
[debug]       Load.loadUnit: loadedProjectsRaw took 237.916237ms
[debug]       Load.loadUnit: cleanEvalClasses took 1.14592ms
[debug]     Load.loadUnit(file:/Users/majiajie/.sbt/1.0/plugins/, ...) took 371.735492ms
[debug]   Load.apply: load took 5925.08967ms
[debug]   Load.apply: resolveProjects took 23.762691ms
[debug]   Load.apply: finalTransforms took 283.425978ms
[debug]   Load.apply: config.delegates took 45.265419ms
[debug]   Load.apply: Def.make(settings)... took 1366.974458ms
[debug]   Load.apply: structureIndex took 141.509126ms
[debug]   Load.apply: mkStreams took 2.218664ms
[info] loading global plugins from /Users/majiajie/.sbt/1.0/plugins
[debug] Running task... Cancel: Signal, check cycles: false, forcegc: true
[debug] Load.defaultLoad until apply took 15146.100641ms
[debug]           Load.loadUnit: plugins took 15.929176ms
[debug]           Load.loadUnit: defsScala took 0.004164ms
[debug] [Loading] Scanning directory /Users/majiajie/Desktop/ScalaLearning/MonidLearning/project
[debug] [Loading] Found non-root projects 
[debug] [Loading] Done in /Users/majiajie/Desktop/ScalaLearning/MonidLearning/project, returning: ()
[debug] deducing auto plugins based on known facts Set(Atom(sbt.plugins.CorePlugin)) and clauses Clauses(List(Clause(Atom(sbt.plugins.JvmPlugin),Set(Atom(sbt.plugins.IvyPlugin))), Clause(Atom(sbt.ScriptedPlugin),Set(Atom(sbt.plugins.JvmPlugin))), Clause(Atom(sbt.plugins.SbtPlugin),Set(Atom(sbt.ScriptedPlugin))), Clause(Atom(sbt.plugins.SemanticdbPlugin),Set(Atom(sbt.plugins.JvmPlugin))), Clause(Atom(sbt.plugins.JUnitXmlReportPlugin),Set(Atom(sbt.plugins.JvmPlugin))), Clause(Atom(sbt.plugins.MiniDependencyTreePlugin),Set(Atom(sbt.plugins.JvmPlugin))), Clause(Atom(sbt.plugins.CorePlugin),Set(Atom(sbt.plugins.IvyPlugin))), Clause(Atom(sbt.plugins.IvyPlugin),Set(Atom(sbt.plugins.JvmPlugin))), Clause(Atom(sbt.plugins.JvmPlugin),Set(Atom(sbt.plugins.SemanticdbPlugin))), Clause(Atom(sbt.plugins.JvmPlugin),Set(Atom(sbt.plugins.JUnitXmlReportPlugin))), Clause(Atom(sbt.plugins.CorePlugin),Set(Atom(sbt.plugins.Giter8TemplatePlugin))), Clause(Atom(sbt.plugins.JvmPlugin),Set(Atom(sbt.plugins.MiniDependencyTreePlugin)))))
[debug]   :: deduced result: Matched(sbt.plugins.CorePlugin,sbt.plugins.Giter8TemplatePlugin,sbt.plugins.IvyPlugin,sbt.plugins.JvmPlugin,sbt.plugins.MiniDependencyTreePlugin,sbt.plugins.JUnitXmlReportPlugin,sbt.plugins.SemanticdbPlugin)
[debug] Plugins.deducer#function took 2.763577 ms
[debug]               Load.resolveProject(monidlearning-build) took 1.12219ms
[debug]             Load.loadTransitive: finalizeProject(Project(id monidlearning-build, base: /Users/majiajie/Desktop/ScalaLearning/MonidLearning/project, plugins: List(<none>))) took 4.474123ms
[debug] [Loading] Done in /Users/majiajie/Desktop/ScalaLearning/MonidLearning/project, returning: (monidlearning-build)
[debug]           Load.loadUnit: loadedProjectsRaw took 6.509654ms
[debug]           Load.loadUnit: cleanEvalClasses took 0.01351ms
[debug]         Load.loadUnit(file:/Users/majiajie/Desktop/ScalaLearning/MonidLearning/project/, ...) took 23.355318ms
[debug]       Load.apply: load took 25.098639ms
[debug]       Load.apply: resolveProjects took 0.160255ms
[debug]       Load.apply: finalTransforms took 13.819426ms
[debug]       Load.apply: config.delegates took 0.369808ms
[debug]       Load.apply: Def.make(settings)... took 84.719355ms
[debug]       Load.apply: structureIndex took 24.706871ms
[debug]       Load.apply: mkStreams took 0.003098ms
[info] loading project definition from /Users/majiajie/Desktop/ScalaLearning/MonidLearning/project
[debug] Running task... Cancel: Signal, check cycles: false, forcegc: true
[debug]     Load.loadUnit: plugins took 306.452808ms
[debug]     Load.loadUnit: defsScala took 0.005627ms
[debug] [Loading] Scanning directory /Users/majiajie/Desktop/ScalaLearning/MonidLearning
[debug]       Load.loadUnit: mkEval took 12.069069ms
[debug] [Loading] Found non-root projects 
[debug] [Loading] Done in /Users/majiajie/Desktop/ScalaLearning/MonidLearning, returning: ()
[debug] deducing auto plugins based on known facts Set(Atom(sbt.plugins.CorePlugin)) and clauses Clauses(List(Clause(Atom(sbt.plugins.JvmPlugin),Set(Atom(sbt.plugins.IvyPlugin))), Clause(Atom(sbt.ScriptedPlugin),Set(Atom(sbt.plugins.JvmPlugin))), Clause(Atom(sbt.plugins.SbtPlugin),Set(Atom(sbt.ScriptedPlugin))), Clause(Atom(sbt.plugins.SemanticdbPlugin),Set(Atom(sbt.plugins.JvmPlugin))), Clause(Atom(sbt.plugins.JUnitXmlReportPlugin),Set(Atom(sbt.plugins.JvmPlugin))), Clause(Atom(sbt.plugins.MiniDependencyTreePlugin),Set(Atom(sbt.plugins.JvmPlugin))), Clause(Atom(sbt.plugins.CorePlugin),Set(Atom(sbt.plugins.IvyPlugin))), Clause(Atom(sbt.plugins.IvyPlugin),Set(Atom(sbt.plugins.JvmPlugin))), Clause(Atom(sbt.plugins.JvmPlugin),Set(Atom(sbt.plugins.SemanticdbPlugin))), Clause(Atom(sbt.plugins.JvmPlugin),Set(Atom(sbt.plugins.JUnitXmlReportPlugin))), Clause(Atom(sbt.plugins.CorePlugin),Set(Atom(sbt.plugins.Giter8TemplatePlugin))), Clause(Atom(sbt.plugins.JvmPlugin),Set(Atom(sbt.plugins.MiniDependencyTreePlugin)))))
[debug]   :: deduced result: Matched(sbt.plugins.CorePlugin,sbt.plugins.Giter8TemplatePlugin,sbt.plugins.IvyPlugin,sbt.plugins.JvmPlugin,sbt.plugins.MiniDependencyTreePlugin,sbt.plugins.JUnitXmlReportPlugin,sbt.plugins.SemanticdbPlugin)
[debug] Plugins.deducer#function took 2.301907 ms
[info] loading settings for project monidlearning from build.sbt ...
[debug]         Load.resolveProject(monidlearning) took 42.02514ms
[debug]       Load.loadTransitive: finalizeProject(Project(id monidlearning, base: /Users/majiajie/Desktop/ScalaLearning/MonidLearning, plugins: List(<none>))) took 45.099113ms
[debug] [Loading] Done in /Users/majiajie/Desktop/ScalaLearning/MonidLearning, returning: (monidlearning)
[debug]     Load.loadUnit: loadedProjectsRaw took 3035.177103ms
[debug]     Load.loadUnit: cleanEvalClasses took 12.829042ms
[debug]   Load.loadUnit(file:/Users/majiajie/Desktop/ScalaLearning/MonidLearning/, ...) took 3355.378207ms
[debug] Load.apply: load took 3356.590377ms
[debug] Load.apply: resolveProjects took 0.097758ms
[debug] Load.apply: finalTransforms took 7.107096ms
[debug] Load.apply: config.delegates took 0.540267ms
[debug] Load.apply: Def.make(settings)... took 109.591947ms
[debug] Load.apply: structureIndex took 23.89019ms
[debug] Load.apply: mkStreams took 0.003027ms
[info] set current project to MonidLearning (in build file:/Users/majiajie/Desktop/ScalaLearning/MonidLearning/)
[debug] > Exec(sbtPopOnFailure, None, None)
[debug] > Exec(resumeFromFailure, None, None)
[debug] > Exec(notifyUsersAboutShell, None, None)
[debug] > Exec(iflast shell, None, None)
[debug] > Exec(shell, None, None)
[info] sbt server started at local:///Users/majiajie/.sbt/1.0/server/c6c66ca2cb0304a3a3cf/sock
[info] started sbt server
